[2015-05-06 9:14:49 165]Worker#15973 Client[665@1]: received: {"sn":0,"cmd":"login","mac":"ACCF232C827A","pv":"1.0.7","hfver":"1.3","data":["vid::3","pid::40A3E","pkey::12345","dsn::12345678901234","usrver::V5.02"]}
[2015-05-06 9:17:32 521]Worker#15970 Client[671@0]: received: {"sn":0,"cmd":"login","mac":"ACCF232C827A","pv":"1.0.7","hfver":"1.3","data":["vid::3","pid::40A3E","pkey::12345","dsn::12345678901234","usrver::V5.02"]}
[2015-05-06 9:40:36 306]Worker#15968 Client[671@0]: received: {"sn":25,"cmd":"login","mac":"ACCF232C827A","pv":"1.0.7","hfver":"1.3","data":["vid::3","pid::40A3E","pkey::12345","dsn::12345678901234","usrver::V5.02"]}
[2015-05-06 9:40:47 664]Worker#15972 Client[671@0]: received: {"sn":34,"cmd":"login","mac":"ACCF232C827A","pv":"1.0.7","hfver":"1.3","data":["vid::3","pid::40A3E","pkey::12345","dsn::12345678901234","usrver::V5.02"]}
[2015-05-06 9:56:24 541]Worker#15970 Client[693@0]: received: {"sn":0,"cmd":"login","mac":"ACCF232C827A","pv":"1.0.7","hfver":"1.3","data":["vid::3","pid::40A3E","pkey::12345","dsn::12345678901234","usrver::V5.02"]}
[2015-05-06 10:09:47 474]Worker#15970 Client[708@0]: received: {"sn":0,"cmd":"login","mac":"ACCF232C827A","pv":"1.0.7","hfver":"1.3","data":["vid::3","pid::40A3E","pkey::12345","dsn::12345678901234","usrver::V5.02"]}
[2015-05-06 10:16:54 789]Worker#15968 Client[709@0]: received: {"sn":0,"cmd":"login","mac":"ACCF232C827A","pv":"1.0.7","hfver":"1.3","data":["vid::3","pid::40A3E","pkey::12345","dsn::12345678901234","usrver::V5.02"]}
[2015-05-06 10:17:31 238]Worker#15974 Client[712@1]: received: {"sn":0,"cmd":"login","mac":"ACCF232C827A","pv":"1.0.7","hfver":"1.3","data":["vid::3","pid::40A3E","pkey::12345","dsn::12345678901234","usrver::V5.02"]}
[2015-05-06 11:09:04 641]Worker#15968 Client[726@0]: received: {"sn":0,"cmd":"login","mac":"ACCF232C827A","pv":"1.0.7","hfver":"1.3","data":["vid::3","pid::40A3E","pkey::12345","dsn::12345678901234","usrver::V5.02"]}
[2015-05-06 11:09:44 268]Worker#15973 Client[733@1]: received: {"sn":0,"cmd":"login","mac":"ACCF232C827A","pv":"1.0.7","hfver":"1.3","data":["vid::3","pid::40A3E","pkey::12345","dsn::12345678901234","usrver::V5.02"]}
[2015-05-06 11:10:56 362]Worker#15970 Client[735@0]: received: {"sn":0,"cmd":"login","mac":"ACCF232C827A","pv":"1.0.7","hfver":"1.3","data":["vid::3","pid::40A3E","pkey::12345","dsn::12345678901234","usrver::V5.02"]}
[2015-05-06 11:11:08 736]Worker#15973 Client[739@0]: received: {"sn":0,"cmd":"login","mac":"ACCF232C827A","pv":"1.0.7","hfver":"1.3","data":["vid::3","pid::40A3E","pkey::12345","dsn::12345678901234","usrver::V5.02"]}
[2015-05-06 11:12:36 244]Worker#15972 Client[748@0]: received: {"sn":0,"cmd":"login","mac":"ACCF232C827A","pv":"1.0.7","hfver":"1.3","data":["vid::3","pid::40A3E","pkey::12345","dsn::12345678901234","usrver::V5.02"]}
[2015-05-06 11:15:03 137]Worker#15974 Client[754@1]: received: {"sn":0,"cmd":"login","mac":"ACCF232C827A","pv":"1.0.7","hfver":"1.3","data":["vid::3","pid::40A3E","pkey::12345","dsn::12345678901234","usrver::V5.02"]}
[2015-05-06 11:15:24 745]Worker#15974 Client[761@0]: received: {"sn":0,"cmd":"login","mac":"ACCF232C827A","pv":"1.0.7","hfver":"1.3","data":["vid::3","pid::40A3E","pkey::12345","dsn::12345678901234","usrver::V5.02"]}
[2015-05-06 11:15:35 95]Worker#15968 Client[765@1]: received: {"sn":0,"cmd":"login","mac":"ACCF232C827A","pv":"1.0.7","hfver":"1.3","data":["vid::3","pid::40A3E","pkey::12345","dsn::12345678901234","usrver::V5.02"]}
[2015-05-06 11:17:16 530]Worker#15968 Client[776@1]: received: {"sn":0,"cmd":"login","mac":"ACCF232C827A","pv":"1.0.7","hfver":"1.3","data":["vid::3","pid::40A3E","pkey::12345","dsn::12345678901234","usrver::V5.02"]}
[2015-05-06 11:18:07 183]Worker#15968 Client[784@0]: received: {"sn":0,"cmd":"login","mac":"ACCF232C827A","pv":"1.0.7","hfver":"1.3","data":["vid::3","pid::40A3E","pkey::12345","dsn::12345678901234","usrver::V5.02"]}
[2015-05-06 11:25:26 808]Worker#15972 Client[797@1]: received: {"sn":0,"cmd":"login","mac":"ACCF232C827A","pv":"1.0.7","hfver":"1.3","data":["vid::3","pid::40A3E","pkey::12345","dsn::12345678901234","usrver::V5.02"]}
[2015-05-06 11:26:13 832]Worker#15974 Client[804@0]: received: {"sn":0,"cmd":"login","mac":"ACCF232C827A","pv":"1.0.7","hfver":"1.3","data":["vid::3","pid::40A3E","pkey::12345","dsn::12345678901234","usrver::V5.02"]}
[2015-05-06 11:26:26 52]Worker#15970 Client[815@1]: received: {"sn":0,"cmd":"login","mac":"ACCF232C827A","pv":"1.0.7","hfver":"1.3","data":["vid::3","pid::40A3E","pkey::12345","dsn::12345678901234","usrver::V5.02"]}
[2015-05-06 11:26:38 752]Worker#15972 Client[830@0]: received: {"sn":0,"cmd":"login","mac":"ACCF232C827A","pv":"1.0.7","hfver":"1.3","data":["vid::3","pid::40A3E","pkey::12345","dsn::12345678901234","usrver::V5.02"]}
[2015-05-06 11:26:46 478]Worker#15968 Client[838@0]: received: {"sn":0,"cmd":"login","mac":"ACCF232C827A","pv":"1.0.7","hfver":"1.3","data":["vid::3","pid::40A3E","pkey::12345","dsn::12345678901234","usrver::V5.02"]}
[2015-05-06 11:26:51 165]Worker#15974 Client[841@1]: received: {"sn":0,"cmd":"login","mac":"ACCF232C827A","pv":"1.0.7","hfver":"1.3","data":["vid::3","pid::40A3E","pkey::12345","dsn::12345678901234","usrver::V5.02"]}
[2015-05-06 11:26:59 844]Worker#15968 Client[860@0]: received: {"sn":0,"cmd":"login","mac":"ACCF232C827A","pv":"1.0.7","hfver":"1.3","data":["vid::3","pid::40A3E","pkey::12345","dsn::12345678901234","usrver::V5.02"]}
[2015-05-06 11:27:29 723]Worker#15973 Client[957@0]: received: {"sn":0,"cmd":"login","mac":"ACCF232C827A","pv":"1.0.7","hfver":"1.3","data":["vid::3","pid::40A3E","pkey::12345","dsn::12345678901234","usrver::V5.02"]}
[2015-05-06 11:28:15 885]Worker#15972 Client[973@0]: received: {"sn":0,"cmd":"login","mac":"ACCF232C827A","pv":"1.0.7","hfver":"1.3","data":["vid::3","pid::40A3E","pkey::12345","dsn::12345678901234","usrver::V5.02"]}
[2015-05-06 11:28:24 19]Worker#15973 Client[982@1]: received: {"sn":0,"cmd":"login","mac":"ACCF232C827A","pv":"1.0.7","hfver":"1.3","data":["vid::3","pid::40A3E","pkey::12345","dsn::12345678901234","usrver::V5.02"]}
[2015-05-06 11:28:31 562]Worker#15972 Client[993@0]: received: {"sn":0,"cmd":"login","mac":"ACCF232C827A","pv":"1.0.7","hfver":"1.3","data":["vid::3","pid::40A3E","pkey::12345","dsn::12345678901234","usrver::V5.02"]}
[2015-05-06 11:29:03 566]Worker#15974 Client[998@1]: received: {"sn":0,"cmd":"login","mac":"ACCF232C827A","pv":"1.0.7","hfver":"1.3","data":["vid::3","pid::40A3E","pkey::12345","dsn::12345678901234","usrver::V5.02"]}
[2015-05-06 11:29:09 575]Worker#15970 Client[1005@1]: received: {"sn":0,"cmd":"login","mac":"ACCF232C827A","pv":"1.0.7","hfver":"1.3","data":["vid::3","pid::40A3E","pkey::12345","dsn::12345678901234","usrver::V5.02"]}
[2015-05-06 11:29:19 59]Worker#15972 Client[1012@0]: received: {"sn":0,"cmd":"login","mac":"ACCF232C827A","pv":"1.0.7","hfver":"1.3","data":["vid::3","pid::40A3E","pkey::12345","dsn::12345678901234","usrver::V5.02"]}
[2015-05-06 11:36:37 562]Worker#15973 Client[1016@1]: received: {"sn":0,"cmd":"login","mac":"ACCF232C827A","pv":"1.0.7","hfver":"1.3","data":["vid::3","pid::40A3E","pkey::12345","dsn::12345678901234","usrver::V5.02"]}
[2015-05-06 11:37:24 102]Worker#15970 Client[1018@0]: received: {"sn":0,"cmd":"login","mac":"ACCF232C827A","pv":"1.0.7","hfver":"1.3","data":["vid::3","pid::40A3E","pkey::12345","dsn::12345678901234","usrver::V5.02"]}
[2015-05-06 11:38:08 797]Worker#15974 Client[1019@0]: received: {"sn":0,"cmd":"login","mac":"ACCF232C827A","pv":"1.0.7","hfver":"1.3","data":["vid::3","pid::40A3E","pkey::12345","dsn::12345678901234","usrver::V5.02"]}
[2015-05-06 11:38:55 640]Worker#15973 Client[1020@1]: received: {"sn":0,"cmd":"login","mac":"ACCF232C827A","pv":"1.0.7","hfver":"1.3","data":["vid::3","pid::40A3E","pkey::12345","dsn::12345678901234","usrver::V5.02"]}
[2015-05-06 11:46:28 870]Worker#15974 Client[1021@1]: received: {"sn":0,"cmd":"login","mac":"ACCF232C827A","pv":"1.0.7","hfver":"1.3","data":["vid::3","pid::40A3E","pkey::12345","dsn::12345678901234","usrver::V5.02"]}
[2015-05-06 11:47:29 297]Worker#15973 Client[1022@0]: received: {"sn":0,"cmd":"login","mac":"ACCF232C827A","pv":"1.0.7","hfver":"1.3","data":["vid::3","pid::40A3E","pkey::12345","dsn::12345678901234","usrver::V5.02"]}
[2015-05-06 11:50:00 538]Worker#15972 Client[1028@1]: received: {"sn":0,"cmd":"login","mac":"ACCF232C827A","pv":"1.0.7","hfver":"1.3","data":["vid::3","pid::40A3E","pkey::12345","dsn::12345678901234","usrver::V5.02"]}
[2015-05-06 13:19:55 89]Worker#15974 Client[1043@1]: received: {"sn":0,"cmd":"login","mac":"ACCF232C827A","pv":"1.0.7","hfver":"1.3","data":["vid::3","pid::40A3E","pkey::12345","dsn::12345678901234","usrver::V5.02"]}
[2015-05-06 13:24:00 6]Worker#15974 Client[1050@1]: received: {"sn":0,"cmd":"login","mac":"ACCF232C827A","pv":"1.0.7","hfver":"1.3","data":["vid::3","pid::40A3E","pkey::12345","dsn::12345678901234","usrver::V5.02"]}
[2015-05-06 13:27:44 251]Worker#15974 Client[1050@1]: received: {"sn":5,"cmd":"login","mac":"ACCF232C827A","pv":"1.0.7","hfver":"1.3","data":["vid::3","pid::40A3E","pkey::12345","dsn::12345678901234","usrver::V5.02"]}
[2015-05-06 13:30:00 624]Worker#15970 Client[1198@1]: received: {"sn":0,"cmd":"login","mac":"ACCF232C827A","pv":"1.0.7","hfver":"1.3","data":["vid::3","pid::40A3E","pkey::12345","dsn::12345678901234","usrver::V5.02"]}
[2015-05-06 13:30:08 440]Worker#15974 Client[1203@1]: received: {"sn":0,"cmd":"login","mac":"ACCF232C827A","pv":"1.0.7","hfver":"1.3","data":["vid::3","pid::40A3E","pkey::12345","dsn::12345678901234","usrver::V5.02"]}
[2015-05-06 13:30:28 954]Worker#15974 Client[1317@0]: received: {"sn":0,"cmd":"login","mac":"ACCF232C827A","pv":"1.0.7","hfver":"1.3","data":["vid::3","pid::40A3E","pkey::12345","dsn::12345678901234","usrver::V5.02"]}
[2015-05-06 13:37:20 54]Worker#15974 Client[1539@0]: received: {"sn":0,"cmd":"login","mac":"ACCF232C827A","pv":"1.0.7","hfver":"1.3","data":["vid::3","pid::40A3E","pkey::12345","dsn::12345678901234","usrver::V5.02"]}
[2015-05-06 13:37:36 81]Worker#15974 Client[1541@1]: received: {"sn":0,"cmd":"login","mac":"ACCF232C827A","pv":"1.0.7","hfver":"1.3","data":["vid::3","pid::40A3E","pkey::12345","dsn::12345678901234","usrver::V5.02"]}
[2015-05-06 13:46:55 64]Worker#15974 Client[1644@0]: received: {"sn":0,"cmd":"login","mac":"ACCF232C827A","pv":"1.0.7","hfver":"1.3","data":["vid::3","pid::40A3E","pkey::12345","dsn::12345678901234","usrver::V5.02"]}
[2015-05-06 13:50:48 242]Worker#15974 Client[1649@1]: received: {"sn":0,"cmd":"login","mac":"ACCF232C827A","pv":"1.0.7","hfver":"1.3","data":["vid::3","pid::40A3E","pkey::12345","dsn::12345678901234","usrver::V5.02"]}
[2015-05-06 13:58:24 595]Worker#15974 Client[1664@1]: received: {"sn":0,"cmd":"login","mac":"ACCF232C827A","pv":"1.0.7","hfver":"1.3","data":["vid::3","pid::40A3E","pkey::12345","dsn::12345678901234","usrver::V5.02"]}
[2015-05-06 14:28:48 448]Worker#15974 Client[1675@1]: received: {"sn":0,"cmd":"login","mac":"ACCF232C827A","pv":"1.0.7","hfver":"1.3","data":["vid::3","pid::40A3E","pkey::12345","dsn::12345678901234","usrver::V5.02"]}
[2015-05-06 14:30:58 264]Worker#15974 Client[1678@0]: received: {"sn":0,"cmd":"login","mac":"ACCF232C827A","pv":"1.0.7","hfver":"1.3","data":["vid::3","pid::40A3E","pkey::12345","dsn::12345678901234","usrver::V5.02"]}
[2015-05-06 14:31:06 880]Worker#15974 Client[1680@1]: received: {"sn":0,"cmd":"login","mac":"ACCF232C827A","pv":"1.0.7","hfver":"1.3","data":["vid::3","pid::40A3E","pkey::12345","dsn::12345678901234","usrver::V5.02"]}
[2015-05-06 14:33:35 990]Worker#15974 Client[1684@1]: received: {"sn":0,"cmd":"login","mac":"ACCF232C827A","pv":"1.0.7","hfver":"1.3","data":["vid::3","pid::40A3E","pkey::12345","dsn::12345678901234","usrver::V5.02"]}
[2015-05-06 14:38:10 361]Worker#15974 Client[1684@1]: received: {"sn":19,"cmd":"login","mac":"ACCF232C827A","pv":"1.0.7","hfver":"1.3","data":["vid::3","pid::40A3E","pkey::12345","dsn::12345678901234","usrver::V5.02"]}
[2015-05-06 14:38:12 205]Worker#15974 Client[1684@1]: received: {"sn":28,"cmd":"login","mac":"ACCF232C827A","pv":"1.0.7","hfver":"1.3","data":["vid::3","pid::40A3E","pkey::12345","dsn::12345678901234","usrver::V5.02"]}
[2015-05-06 14:40:26 190]Worker#15974 Client[1696@1]: received: {"sn":3,"cmd":"login","mac":"ACCF232C827A","pv":"1.0.7","hfver":"1.3","data":["vid::3","pid::40A3E","pkey::12345","dsn::12345678901234","usrver::V5.02"]}
[2015-05-06 14:40:38 995]Worker#15974 Client[1697@0]: received: {"sn":3,"cmd":"login","mac":"ACCF232C827A","pv":"1.0.7","hfver":"1.3","data":["vid::3","pid::40A3E","pkey::12345","dsn::12345678901234","usrver::V5.02"]}
[2015-05-06 14:40:53 958]Worker#15974 Client[1698@1]: received: {"sn":0,"cmd":"login","mac":"ACCF232C827A","pv":"1.0.7","hfver":"1.3","data":["vid::3","pid::40A3E","pkey::12345","dsn::12345678901234","usrver::V5.02"]}
[2015-05-06 14:41:02 26]Worker#15974 Client[1699@0]: received: {"sn":0,"cmd":"login","mac":"ACCF232C827A","pv":"1.0.7","hfver":"1.3","data":["vid::3","pid::40A3E","pkey::12345","dsn::12345678901234","usrver::V5.02"]}
[2015-05-06 14:41:13 109]Worker#15974 Client[1700@1]: received: {"sn":0,"cmd":"login","mac":"ACCF232C827A","pv":"1.0.7","hfver":"1.3","data":["vid::3","pid::40A3E","pkey::12345","dsn::12345678901234","usrver::V5.02"]}
[2015-05-06 14:41:29 624]Worker#15974 Client[1701@0]: received: {"sn":0,"cmd":"login","mac":"ACCF232C827A","pv":"1.0.7","hfver":"1.3","data":["vid::3","pid::40A3E","pkey::12345","dsn::12345678901234","usrver::V5.02"]}
[2015-05-06 14:42:22 619]Worker#15974 Client[1703@1]: received: {"sn":2,"cmd":"login","mac":"ACCF232C827A","pv":"1.0.7","hfver":"1.3","data":["vid::3","pid::40A3E","pkey::12345","dsn::12345678901234","usrver::V5.02"]}
[2015-05-06 14:43:24 390]Worker#15974 Client[1704@1]: received: {"sn":0,"cmd":"login","mac":"ACCF232C827A","pv":"1.0.7","hfver":"1.3","data":["vid::3","pid::40A3E","pkey::12345","dsn::12345678901234","usrver::V5.02"]}
[2015-05-06 14:43:49 468]Worker#15974 Client[1705@0]: received: {"sn":0,"cmd":"login","mac":"ACCF232C827A","pv":"1.0.7","hfver":"1.3","data":["vid::3","pid::40A3E","pkey::12345","dsn::12345678901234","usrver::V5.02"]}
[2015-05-06 14:44:27 804]Worker#15974 Client[1706@1]: received: {"sn":1,"cmd":"login","mac":"ACCF232C827A","pv":"1.0.7","hfver":"1.3","data":["vid::3","pid::40A3E","pkey::12345","dsn::12345678901234","usrver::V5.02"]}
[2015-05-06 14:56:54 169]Worker#15974 Client[1728@1]: received: {"sn":0,"cmd":"login","mac":"ACCF232C827A","pv":"1.0.7","hfver":"1.3","data":["vid::3","pid::40A3E","pkey::12345","dsn::12345678901234","usrver::V5.02"]}
[2015-05-06 15:00:06 471]Worker#15974 Client[1736@1]: received: {"sn":0,"cmd":"login","mac":"ACCF232C827A","pv":"1.0.7","hfver":"1.3","data":["vid::3","pid::40A3E","pkey::12345","dsn::12345678901234","usrver::V5.02"]}
[2015-05-06 15:00:26 421]Worker#15974 Client[1744@0]: received: {"sn":0,"cmd":"login","mac":"ACCF232C827A","pv":"1.0.7","hfver":"1.3","data":["vid::3","pid::40A3E","pkey::12345","dsn::12345678901234","usrver::V5.02"]}
[2015-05-06 15:00:39 575]Worker#15974 Client[1750@1]: received: {"sn":0,"cmd":"login","mac":"ACCF232C827A","pv":"1.0.7","hfver":"1.3","data":["vid::3","pid::40A3E","pkey::12345","dsn::12345678901234","usrver::V5.02"]}
[2015-05-06 15:00:55 463]Worker#15974 Client[1753@1]: received: {"sn":0,"cmd":"login","mac":"ACCF232C827A","pv":"1.0.7","hfver":"1.3","data":["vid::3","pid::40A3E","pkey::12345","dsn::12345678901234","usrver::V5.02"]}
[2015-05-06 15:01:32 775]Worker#15974 Client[1759@1]: received: {"sn":0,"cmd":"login","mac":"ACCF232C827A","pv":"1.0.7","hfver":"1.3","data":["vid::3","pid::40A3E","pkey::12345","dsn::12345678901234","usrver::V5.02"]}
[2015-05-06 15:19:39 420]Worker#15974 Client[1786@0]: received: {"sn":0,"cmd":"login","mac":"ACCF232C827A","pv":"1.0.7","hfver":"1.3","data":["vid::3","pid::40A3E","pkey::12345","dsn::12345678901234","usrver::V5.02"]}
[2015-05-06 15:23:32 579]Worker#15974 Client[1795@1]: received: {"sn":0,"cmd":"login","mac":"ACCF232C827A","pv":"1.0.7","hfver":"1.3","data":["vid::3","pid::40A3E","pkey::12345","dsn::12345678901234","usrver::V5.02"]}
[2015-05-06 15:24:07 268]Worker#15974 Client[1800@1]: received: {"sn":0,"cmd":"login","mac":"ACCF232C827A","pv":"1.0.7","hfver":"1.3","data":["vid::3","pid::40A3E","pkey::12345","dsn::12345678901234","usrver::V5.02"]}
[2015-05-06 15:28:53 397]Worker#15974 Client[1803@1]: received: {"sn":0,"cmd":"login","mac":"ACCF232C827A","pv":"1.0.7","hfver":"1.3","data":["vid::3","pid::40A3E","pkey::12345","dsn::12345678901234","usrver::V5.02"]}
[2015-05-06 15:29:03 910]Worker#15974 Client[1805@0]: received: {"sn":2,"cmd":"login","mac":"ACCF232C827A","pv":"1.0.7","hfver":"1.3","data":["vid::3","pid::40A3E","pkey::12345","dsn::12345678901234","usrver::V5.02"]}
[2015-05-06 15:29:16 714]Worker#15974 Client[1806@1]: received: {"sn":2,"cmd":"login","mac":"ACCF232C827A","pv":"1.0.7","hfver":"1.3","data":["vid::3","pid::40A3E","pkey::12345","dsn::12345678901234","usrver::V5.02"]}
[2015-05-06 15:36:51 639]Worker#15974 Client[1806@1]: received: {"sn":11,"cmd":"login","mac":"ACCF232C827A","pv":"1.0.7","hfver":"1.3","data":["vid::3","pid::40A3E","pkey::12345","dsn::12345678901234","usrver::V5.02"]}
[2015-05-06 15:38:04 524]Worker#15974 Client[1806@1]: received: {"sn":21,"cmd":"login","mac":"ACCF232C827A","pv":"1.0.7","hfver":"1.3","data":["vid::3","pid::40A3E","pkey::12345","dsn::12345678901234","usrver::V5.02"]}
[2015-05-06 15:39:08 556]Worker#15974 Client[1806@1]: received: {"sn":31,"cmd":"login","mac":"ACCF232C827A","pv":"1.0.7","hfver":"1.3","data":["vid::3","pid::40A3E","pkey::12345","dsn::12345678901234","usrver::V5.02"]}
[2015-05-06 16:26:43 715]Worker#15974 Client[1857@1]: received: {"sn":0,"cmd":"login","mac":"ACCF232C827A","pv":"1.0.7","hfver":"1.3","data":["vid::3","pid::40A3E","pkey::12345","dsn::12345678901234","usrver::V5.02"]}
[2015-05-06 16:27:42 706]Worker#15974 Client[1860@1]: received: {"sn":0,"cmd":"login","mac":"ACCF232C827A","pv":"1.0.7","hfver":"1.3","data":["vid::3","pid::40A3E","pkey::12345","dsn::12345678901234","usrver::V5.02"]}
[2015-05-06 16:28:05 296]Worker#15974 Client[1860@1]: received: {"sn":2,"cmd":"login","mac":"ACCF232C827A","pv":"1.0.7","hfver":"1.3","data":["vid::3","pid::40A3E","pkey::12345","dsn::12345678901234","usrver::V5.02"]}
[2015-05-06 16:29:15 63]Worker#15974 Client[1860@1]: received: {"sn":12,"cmd":"login","mac":"ACCF232C827A","pv":"1.0.7","hfver":"1.3","data":["vid::3","pid::40A3E","pkey::12345","dsn::12345678901234","usrver::V5.02"]}
[2015-05-06 16:29:20 139]Worker#15974 Client[1860@1]: received: {"sn":18,"cmd":"login","mac":"ACCF232C827A","pv":"1.0.7","hfver":"1.3","data":["vid::3","pid::40A3E","pkey::12345","dsn::12345678901234","usrver::V5.02"]}
[2015-05-06 16:29:53 998]Worker#15974 Client[1860@1]: received: {"sn":27,"cmd":"login","mac":"ACCF232C827A","pv":"1.0.7","hfver":"1.3","data":["vid::3","pid::40A3E","pkey::12345","dsn::12345678901234","usrver::V5.02"]}
[2015-05-06 16:30:08 133]Worker#15974 Client[1860@1]: received: {"sn":36,"cmd":"login","mac":"ACCF232C827A","pv":"1.0.7","hfver":"1.3","data":["vid::3","pid::40A3E","pkey::12345","dsn::12345678901234","usrver::V5.02"]}{"sn":37,"cmd":"login","mac":"ACCF232C827A","pv":"1.0.7","hfver":"1.3","data":["vid::3","pid::40A3E","pkey::12345","dsn::12345678901234","usrver::V5.02"]}
[2015-05-06 16:30:14 233]Worker#15974 Client[1860@1]: received: {"sn":46,"cmd":"login","mac":"ACCF232C827A","pv":"1.0.7","hfver":"1.3","data":["vid::3","pid::40A3E","pkey::12345","dsn::12345678901234","usrver::V5.02"]}{"sn":47,"cmd":"login","mac":"ACCF232C827A","pv":"1.0.7","hfver":"1.3","data":["vid::3","pid::40A3E","pkey::12345","dsn::12345678901234","usrver::V5.02"]}{"sn":48,"cmd":"upload","mac":"ACCF232C827A","data":["power::on"]}
[2015-05-06 16:30:36 583]Worker#15974 Client[1874@0]: received: {"sn":27,"cmd":"login","mac":"ACCF232C827A","pv":"1.0.7","hfver":"1.3","data":["vid::3","pid::40A3E","pkey::12345","dsn::12345678901234","usrver::V5.02"]}
[2015-05-06 16:30:44 32]Worker#15974 Client[1874@0]: received: {"sn":29,"cmd":"login","mac":"ACCF232C827A","pv":"1.0.7","hfver":"1.3","data":["vid::3","pid::40A3E","pkey::12345","dsn::12345678901234","usrver::V5.02"]}
[2015-05-06 16:30:50 251]Worker#15974 Client[1874@0]: received: {"sn":38,"cmd":"login","mac":"ACCF232C827A","pv":"1.0.7","hfver":"1.3","data":["vid::3","pid::40A3E","pkey::12345","dsn::12345678901234","usrver::V5.02"]}
[2015-05-06 16:31:02 1]Worker#15974 Client[1874@0]: received: {"sn":47,"cmd":"login","mac":"ACCF232C827A","pv":"1.0.7","hfver":"1.3","data":["vid::3","pid::40A3E","pkey::12345","dsn::12345678901234","usrver::V5.02"]}
[2015-05-06 16:31:16 659]Worker#15974 Client[1874@0]: received: {"sn":57,"cmd":"login","mac":"ACCF232C827A","pv":"1.0.7","hfver":"1.3","data":["vid::3","pid::40A3E","pkey::12345","dsn::12345678901234","usrver::V5.02"]}
[2015-05-06 16:31:26 141]Worker#15974 Client[1874@0]: received: {"sn":66,"cmd":"login","mac":"ACCF232C827A","pv":"1.0.7","hfver":"1.3","data":["vid::3","pid::40A3E","pkey::12345","dsn::12345678901234","usrver::V5.02"]}
[2015-05-06 16:32:22 387]Worker#15974 Client[1874@0]: received: {"sn":75,"cmd":"login","mac":"ACCF232C827A","pv":"1.0.7","hfver":"1.3","data":["vid::3","pid::40A3E","pkey::12345","dsn::12345678901234","usrver::V5.02"]}
[2015-05-06 16:32:32 297]Worker#15974 Client[1874@0]: received: {"sn":84,"cmd":"login","mac":"ACCF232C827A","pv":"1.0.7","hfver":"1.3","data":["vid::3","pid::40A3E","pkey::12345","dsn::12345678901234","usrver::V5.02"]}
[2015-05-06 16:36:00 204]Worker#15974 Client[1874@0]: received: {"sn":96,"cmd":"login","mac":"ACCF232C827A","pv":"1.0.7","hfver":"1.3","data":["vid::3","pid::40A3E","pkey::12345","dsn::12345678901234","usrver::V5.02"]}
[2015-05-06 16:36:14 992]Worker#15974 Client[1874@0]: received: {"sn":105,"cmd":"login","mac":"ACCF232C827A","pv":"1.0.7","hfver":"1.3","data":["vid::3","pid::40A3E","pkey::12345","dsn::12345678901234","usrver::V5.02"]}
[2015-05-06 16:36:18 710]Worker#15974 Client[1874@0]: received: {"sn":115,"cmd":"login","mac":"ACCF232C827A","pv":"1.0.7","hfver":"1.3","data":["vid::3","pid::40A3E","pkey::12345","dsn::12345678901234","usrver::V5.02"]}
[2015-05-06 16:36:23 709]Worker#15974 Client[1874@0]: received: {"sn":125,"cmd":"login","mac":"ACCF232C827A","pv":"1.0.7","hfver":"1.3","data":["vid::3","pid::40A3E","pkey::12345","dsn::12345678901234","usrver::V5.02"]}
[2015-05-06 16:37:58 172]Worker#15974 Client[1874@0]: received: {"sn":135,"cmd":"login","mac":"ACCF232C827A","pv":"1.0.7","hfver":"1.3","data":["vid::3","pid::40A3E","pkey::12345","dsn::12345678901234","usrver::V5.02"]}
[2015-05-06 16:39:33 976]Worker#15974 Client[1887@0]: received: {"sn":9,"cmd":"login","mac":"ACCF232C827A","pv":"1.0.7","hfver":"1.3","data":["vid::3","pid::40A3E","pkey::12345","dsn::12345678901234","usrver::V5.02"]}
[2015-05-06 16:40:26 297]Worker#15974 Client[1887@0]: received: {"sn":11,"cmd":"login","mac":"ACCF232C827A","pv":"1.0.7","hfver":"1.3","data":["vid::3","pid::40A3E","pkey::12345","dsn::12345678901234","usrver::V5.02"]}
[2015-05-06 16:40:32 31]Worker#15974 Client[1887@0]: received: {"sn":20,"cmd":"login","mac":"ACCF232C827A","pv":"1.0.7","hfver":"1.3","data":["vid::3","pid::40A3E","pkey::12345","dsn::12345678901234","usrver::V5.02"]}
[2015-05-06 16:41:40 743]Worker#15974 Client[1887@0]: received: {"sn":30,"cmd":"login","mac":"ACCF232C827A","pv":"1.0.7","hfver":"1.3","data":["vid::3","pid::40A3E","pkey::12345","dsn::12345678901234","usrver::V5.02"]}
[2015-05-06 16:41:47 642]Worker#15974 Client[1887@0]: received: {"sn":39,"cmd":"login","mac":"ACCF232C827A","pv":"1.0.7","hfver":"1.3","data":["vid::3","pid::40A3E","pkey::12345","dsn::12345678901234","usrver::V5.02"]}
[2015-05-06 16:42:21 166]Worker#15974 Client[1887@0]: received: {"sn":48,"cmd":"login","mac":"ACCF232C827A","pv":"1.0.7","hfver":"1.3","data":["vid::3","pid::40A3E","pkey::12345","dsn::12345678901234","usrver::V5.02"]}
[2015-05-06 16:43:06 914]Worker#15974 Client[1887@0]: received: {"sn":57,"cmd":"login","mac":"ACCF232C827A","pv":"1.0.7","hfver":"1.3","data":["vid::3","pid::40A3E","pkey::12345","dsn::12345678901234","usrver::V5.02"]}
[2015-05-06 16:43:14 242]Worker#15974 Client[1887@0]: received: {"sn":66,"cmd":"login","mac":"ACCF232C827A","pv":"1.0.7","hfver":"1.3","data":["vid::3","pid::40A3E","pkey::12345","dsn::12345678901234","usrver::V5.02"]}
[2015-05-06 16:43:35 557]Worker#15974 Client[1887@0]: received: {"sn":75,"cmd":"login","mac":"ACCF232C827A","pv":"1.0.7","hfver":"1.3","data":["vid::3","pid::40A3E","pkey::12345","dsn::12345678901234","usrver::V5.02"]}
[2015-05-06 16:47:11 380]Worker#15974 Client[1887@0]: received: {"sn":87,"cmd":"login","mac":"ACCF232C827A","pv":"1.0.7","hfver":"1.3","data":["vid::3","pid::40A3E","pkey::12345","dsn::12345678901234","usrver::V5.02"]}
[2015-05-06 16:47:39 731]Worker#15974 Client[1887@0]: received: {"sn":96,"cmd":"login","mac":"ACCF232C827A","pv":"1.0.7","hfver":"1.3","data":["vid::3","pid::40A3E","pkey::12345","dsn::12345678901234","usrver::V5.02"]}
[2015-05-06 16:47:47 899]Worker#15974 Client[1887@0]: received: {"sn":105,"cmd":"login","mac":"ACCF232C827A","pv":"1.0.7","hfver":"1.3","data":["vid::3","pid::40A3E","pkey::12345","dsn::12345678901234","usrver::V5.02"]}
[2015-05-06 16:47:58 245]Worker#15974 Client[1887@0]: received: {"sn":114,"cmd":"login","mac":"ACCF232C827A","pv":"1.0.7","hfver":"1.3","data":["vid::3","pid::40A3E","pkey::12345","dsn::12345678901234","usrver::V5.02"]}
[2015-05-06 16:49:53 135]Worker#15974 Client[1892@0]: received: {"sn":0,"cmd":"login","mac":"ACCF232C827A","pv":"1.0.7","hfver":"1.3","data":["vid::3","pid::40A3E","pkey::12345","dsn::12345678901234","usrver::V5.02"]}
[2015-05-06 16:51:50 295]Worker#15974 Client[1892@0]: received: {"sn":4,"cmd":"login","mac":"ACCF232C827A","pv":"1.0.7","hfver":"1.3","data":["vid::3","pid::40A3E","pkey::12345","dsn::12345678901234","usrver::V5.02"]}
[2015-05-06 16:52:02 545]Worker#15974 Client[1892@0]: received: {"sn":10,"cmd":"login","mac":"ACCF232C827A","pv":"1.0.7","hfver":"1.3","data":["vid::3","pid::40A3E","pkey::12345","dsn::12345678901234","usrver::V5.02"]}{"sn":11,"cmd":"upload","mac":"ACCF232C827A","data":["power::of"]}
[2015-05-06 16:56:20 638]Worker#15974 Client[1892@0]: received: {"sn":31,"cmd":"login","mac":"ACCF232C827A","pv":"1.0.7","hfver":"1.3","data":["vid::3","pid::40A3E","pkey::12345","dsn::12345678901234","usrver::V5.02"]}
[2015-05-06 16:56:24 11]Worker#15974 Client[1892@0]: received: {"sn":40,"cmd":"login","mac":"ACCF232C827A","pv":"1.0.7","hfver":"1.3","data":["vid::3","pid::40A3E","pkey::12345","dsn::12345678901234","usrver::V5.02"]}
[2015-05-06 16:56:27 316]Worker#15974 Client[1892@0]: received: {"sn":49,"cmd":"login","mac":"ACCF232C827A","pv":"1.0.7","hfver":"1.3","data":["vid::3","pid::40A3E","pkey::12345","dsn::12345678901234","usrver::V5.02"]}
[2015-05-06 16:56:30 489]Worker#15974 Client[1892@0]: received: {"sn":58,"cmd":"login","mac":"ACCF232C827A","pv":"1.0.7","hfver":"1.3","data":["vid::3","pid::40A3E","pkey::12345","dsn::12345678901234","usrver::V5.02"]}{"sn":59,"cmd":"upload","mac":"ACCF232C827A","data":["power::of"]}
[2015-05-06 16:57:50 179]Worker#15974 Client[1892@0]: received: {"sn":70,"cmd":"login","mac":"ACCF232C827A","pv":"1.0.7","hfver":"1.3","data":["vid::3","pid::40A3E","pkey::12345","dsn::12345678901234","usrver::V5.02"]}
[2015-05-06 16:57:52 956]Worker#15974 Client[1892@0]: received: {"sn":79,"cmd":"login","mac":"ACCF232C827A","pv":"1.0.7","hfver":"1.3","data":["vid::3","pid::40A3E","pkey::12345","dsn::12345678901234","usrver::V5.02"]}
[2015-05-06 16:57:56 814]Worker#15974 Client[1892@0]: received: {"sn":88,"cmd":"login","mac":"ACCF232C827A","pv":"1.0.7","hfver":"1.3","data":["vid::3","pid::40A3E","pkey::12345","dsn::12345678901234","usrver::V5.02"]}{"sn":89,"cmd":"upload","mac":"ACCF232C827A","data":["power::of"]}
[2015-05-06 17:03:15 312]Worker#15974 Client[1892@0]: received: {"sn":117,"cmd":"login","mac":"ACCF232C827A","pv":"1.0.7","hfver":"1.3","data":["vid::3","pid::40A3E","pkey::12345","dsn::12345678901234","usrver::V5.02"]}
[2015-05-06 17:03:18 468]Worker#15974 Client[1892@0]: received: {"sn":126,"cmd":"login","mac":"ACCF232C827A","pv":"1.0.7","hfver":"1.3","data":["vid::3","pid::40A3E","pkey::12345","dsn::12345678901234","usrver::V5.02"]}
[2015-05-06 17:04:16 540]Worker#15974 Client[1892@0]: received: {"sn":135,"cmd":"login","mac":"ACCF232C827A","pv":"1.0.7","hfver":"1.3","data":["vid::3","pid::40A3E","pkey::12345","dsn::12345678901234","usrver::V5.02"]}
[2015-05-06 17:04:18 490]Worker#15974 Client[1892@0]: received: {"sn":144,"cmd":"login","mac":"ACCF232C827A","pv":"1.0.7","hfver":"1.3","data":["vid::3","pid::40A3E","pkey::12345","dsn::12345678901234","usrver::V5.02"]}
[2015-05-06 17:04:27 67]Worker#15974 Client[1892@0]: received: {"sn":153,"cmd":"login","mac":"ACCF232C827A","pv":"1.0.7","hfver":"1.3","data":["vid::3","pid::40A3E","pkey::12345","dsn::12345678901234","usrver::V5.02"]}
[2015-05-06 17:05:49 530]Worker#15974 Client[1892@0]: received: {"sn":164,"cmd":"login","mac":"ACCF232C827A","pv":"1.0.7","hfver":"1.3","data":["vid::3","pid::40A3E","pkey::12345","dsn::12345678901234","usrver::V5.02"]}
[2015-05-06 17:05:51 172]Worker#15974 Client[1892@0]: received: {"sn":173,"cmd":"login","mac":"ACCF232C827A","pv":"1.0.7","hfver":"1.3","data":["vid::3","pid::40A3E","pkey::12345","dsn::12345678901234","usrver::V5.02"]}
[2015-05-06 17:05:55 186]Worker#15974 Client[1892@0]: received: {"sn":182,"cmd":"login","mac":"ACCF232C827A","pv":"1.0.7","hfver":"1.3","data":["vid::3","pid::40A3E","pkey::12345","dsn::12345678901234","usrver::V5.02"]}
[2015-05-06 17:06:06 733]Worker#15974 Client[1892@0]: received: {"sn":191,"cmd":"login","mac":"ACCF232C827A","pv":"1.0.7","hfver":"1.3","data":["vid::3","pid::40A3E","pkey::12345","dsn::12345678901234","usrver::V5.02"]}
[2015-05-06 17:06:16 516]Worker#15974 Client[1892@0]: received: {"sn":200,"cmd":"login","mac":"ACCF232C827A","pv":"1.0.7","hfver":"1.3","data":["vid::3","pid::40A3E","pkey::12345","dsn::12345678901234","usrver::V5.02"]}
[2015-05-06 17:08:51 647]Worker#15974 Client[1892@0]: received: {"sn":213,"cmd":"login","mac":"ACCF232C827A","pv":"1.0.7","hfver":"1.3","data":["vid::3","pid::40A3E","pkey::12345","dsn::12345678901234","usrver::V5.02"]}
[2015-05-06 17:08:55 121]Worker#15974 Client[1892@0]: received: {"sn":222,"cmd":"login","mac":"ACCF232C827A","pv":"1.0.7","hfver":"1.3","data":["vid::3","pid::40A3E","pkey::12345","dsn::12345678901234","usrver::V5.02"]}
[2015-05-06 17:08:59 39]Worker#15974 Client[1892@0]: received: {"sn":231,"cmd":"login","mac":"ACCF232C827A","pv":"1.0.7","hfver":"1.3","data":["vid::3","pid::40A3E","pkey::12345","dsn::12345678901234","usrver::V5.02"]}
[2015-05-06 17:09:00 827]Worker#15974 Client[1892@0]: received: {"sn":240,"cmd":"login","mac":"ACCF232C827A","pv":"1.0.7","hfver":"1.3","data":["vid::3","pid::40A3E","pkey::12345","dsn::12345678901234","usrver::V5.02"]}{"sn":241,"cmd":"upload","mac":"ACCF232C827A","data":["power::of"]}
[2015-05-06 17:09:22 671]Worker#15974 Client[1892@0]: received: {"sn":250,"cmd":"login","mac":"ACCF232C827A","pv":"1.0.7","hfver":"1.3","data":["vid::3","pid::40A3E","pkey::12345","dsn::12345678901234","usrver::V5.02"]}
[2015-05-06 17:09:35 918]Worker#15974 Client[1892@0]: received: {"sn":259,"cmd":"login","mac":"ACCF232C827A","pv":"1.0.7","hfver":"1.3","data":["vid::3","pid::40A3E","pkey::12345","dsn::12345678901234","usrver::V5.02"]}{"sn":260,"cmd":"upload","mac":"ACCF232C827A","data":["power::of"]}
[2015-05-06 17:11:31 646]Worker#15974 Client[1892@0]: received: {"sn":273,"cmd":"login","mac":"ACCF232C827A","pv":"1.0.7","hfver":"1.3","data":["vid::3","pid::40A3E","pkey::12345","dsn::12345678901234","usrver::V5.02"]}
[2015-05-06 17:11:34 333]Worker#15974 Client[1892@0]: received: {"sn":282,"cmd":"login","mac":"ACCF232C827A","pv":"1.0.7","hfver":"1.3","data":["vid::3","pid::40A3E","pkey::12345","dsn::12345678901234","usrver::V5.02"]}
[2015-05-06 17:11:39 953]Worker#15974 Client[1892@0]: received: {"sn":291,"cmd":"login","mac":"ACCF232C827A","pv":"1.0.7","hfver":"1.3","data":["vid::3","pid::40A3E","pkey::12345","dsn::12345678901234","usrver::V5.02"]}
[2015-05-06 17:14:16 456]Worker#15974 Client[1892@0]: received: {"sn":302,"cmd":"login","mac":"ACCF232C827A","pv":"1.0.7","hfver":"1.3","data":["vid::3","pid::40A3E","pkey::12345","dsn::12345678901234","usrver::V5.02"]}
[2015-05-06 17:14:47 323]Worker#15974 Client[1892@0]: received: {"sn":311,"cmd":"login","mac":"ACCF232C827A","pv":"1.0.7","hfver":"1.3","data":["vid::3","pid::40A3E","pkey::12345","dsn::12345678901234","usrver::V5.02"]}
[2015-05-06 17:16:57 304]Worker#15974 Client[1892@0]: received: {"sn":322,"cmd":"login","mac":"ACCF232C827A","pv":"1.0.7","hfver":"1.3","data":["vid::3","pid::40A3E","pkey::12345","dsn::12345678901234","usrver::V5.02"]}
[2015-05-06 17:20:11 749]Worker#15974 Client[1892@0]: received: {"sn":334,"cmd":"login","mac":"ACCF232C827A","pv":"1.0.7","hfver":"1.3","data":["vid::3","pid::40A3E","pkey::12345","dsn::12345678901234","usrver::V5.02"]}
[2015-05-06 17:22:21 418]Worker#15974 Client[1892@0]: received: {"sn":347,"cmd":"login","mac":"ACCF232C827A","pv":"1.0.7","hfver":"1.3","data":["vid::3","pid::40A3E","pkey::12345","dsn::12345678901234","usrver::V5.02"]}
[2015-05-06 17:22:54 221]Worker#15974 Client[1892@0]: received: {"sn":356,"cmd":"login","mac":"ACCF232C827A","pv":"1.0.7","hfver":"1.3","data":["vid::3","pid::40A3E","pkey::12345","dsn::12345678901234","usrver::V5.02"]}
[2015-05-06 17:22:57 963]Worker#15974 Client[1892@0]: received: {"sn":365,"cmd":"login","mac":"ACCF232C827A","pv":"1.0.7","hfver":"1.3","data":["vid::3","pid::40A3E","pkey::12345","dsn::12345678901234","usrver::V5.02"]}
[2015-05-06 17:23:02 363]Worker#15974 Client[1892@0]: received: {"sn":374,"cmd":"login","mac":"ACCF232C827A","pv":"1.0.7","hfver":"1.3","data":["vid::3","pid::40A3E","pkey::12345","dsn::12345678901234","usrver::V5.02"]}
[2015-05-06 17:23:16 366]Worker#15974 Client[1892@0]: received: {"sn":383,"cmd":"login","mac":"ACCF232C827A","pv":"1.0.7","hfver":"1.3","data":["vid::3","pid::40A3E","pkey::12345","dsn::12345678901234","usrver::V5.02"]}
[2015-05-06 17:23:22 772]Worker#15974 Client[1892@0]: received: {"sn":392,"cmd":"login","mac":"ACCF232C827A","pv":"1.0.7","hfver":"1.3","data":["vid::3","pid::40A3E","pkey::12345","dsn::12345678901234","usrver::V5.02"]}
[2015-05-06 17:23:33 627]Worker#15974 Client[1892@0]: received: {"sn":401,"cmd":"login","mac":"ACCF232C827A","pv":"1.0.7","hfver":"1.3","data":["vid::3","pid::40A3E","pkey::12345","dsn::12345678901234","usrver::V5.02"]}
[2015-05-06 17:24:11 499]Worker#15974 Client[1892@0]: received: {"sn":412,"cmd":"login","mac":"ACCF232C827A","pv":"1.0.7","hfver":"1.3","data":["vid::3","pid::40A3E","pkey::12345","dsn::12345678901234","usrver::V5.02"]}
[2015-05-06 17:24:14 558]Worker#15974 Client[1892@0]: received: {"sn":417,"cmd":"login","mac":"ACCF232C827A","pv":"1.0.7","hfver":"1.3","data":["vid::3","pid::40A3E","pkey::12345","dsn::12345678901234","usrver::V5.02"]}
[2015-05-06 17:24:16 446]Worker#15974 Client[1892@0]: received: {"sn":426,"cmd":"login","mac":"ACCF232C827A","pv":"1.0.7","hfver":"1.3","data":["vid::3","pid::40A3E","pkey::12345","dsn::12345678901234","usrver::V5.02"]}
[2015-05-06 17:26:02 708]Worker#15974 Client[1925@1]: received: {"sn":0,"cmd":"login","mac":"ACCF232C827A","pv":"1.0.7","hfver":"1.3","data":["vid::3","pid::40A3E","pkey::12345","dsn::12345678901234","usrver::V5.02"]}
[2015-05-06 17:26:04 196]Worker#15974 Client[1925@1]: received: {"sn":2,"cmd":"login","mac":"ACCF232C827A","pv":"1.0.7","hfver":"1.3","data":["vid::3","pid::40A3E","pkey::12345","dsn::12345678901234","usrver::V5.02"]}
[2015-05-06 17:26:08 454]Worker#15974 Client[1925@1]: received: {"sn":11,"cmd":"login","mac":"ACCF232C827A","pv":"1.0.7","hfver":"1.3","data":["vid::3","pid::40A3E","pkey::12345","dsn::12345678901234","usrver::V5.02"]}
[2015-05-06 17:27:14 447]Worker#15974 Client[1925@1]: received: {"sn":21,"cmd":"login","mac":"ACCF232C827A","pv":"1.0.7","hfver":"1.3","data":["vid::3","pid::40A3E","pkey::12345","dsn::12345678901234","usrver::V5.02"]}
[2015-05-06 17:27:19 829]Worker#15974 Client[1925@1]: received: {"sn":30,"cmd":"login","mac":"ACCF232C827A","pv":"1.0.7","hfver":"1.3","data":["vid::3","pid::40A3E","pkey::12345","dsn::12345678901234","usrver::V5.02"]}
[2015-05-06 17:27:23 47]Worker#15974 Client[1925@1]: received: {"sn":39,"cmd":"login","mac":"ACCF232C827A","pv":"1.0.7","hfver":"1.3","data":["vid::3","pid::40A3E","pkey::12345","dsn::12345678901234","usrver::V5.02"]}
[2015-05-06 17:27:25 449]Worker#15974 Client[1925@1]: received: {"sn":48,"cmd":"login","mac":"ACCF232C827A","pv":"1.0.7","hfver":"1.3","data":["vid::3","pid::40A3E","pkey::12345","dsn::12345678901234","usrver::V5.02"]}
[2015-05-06 17:31:31 649]Worker#15974 Client[1925@1]: received: {"sn":63,"cmd":"login","mac":"ACCF232C827A","pv":"1.0.7","hfver":"1.3","data":["vid::3","pid::40A3E","pkey::12345","dsn::12345678901234","usrver::V5.02"]}
[2015-05-06 17:31:44 316]Worker#15974 Client[1925@1]: received: {"sn":72,"cmd":"login","mac":"ACCF232C827A","pv":"1.0.7","hfver":"1.3","data":["vid::3","pid::40A3E","pkey::12345","dsn::12345678901234","usrver::V5.02"]}
[2015-05-06 17:32:39 156]Worker#15974 Client[1925@1]: received: {"sn":81,"cmd":"login","mac":"ACCF232C827A","pv":"1.0.7","hfver":"1.3","data":["vid::3","pid::40A3E","pkey::12345","dsn::12345678901234","usrver::V5.02"]}
[2015-05-06 17:32:46 633]Worker#15974 Client[1925@1]: received: {"sn":90,"cmd":"login","mac":"ACCF232C827A","pv":"1.0.7","hfver":"1.3","data":["vid::3","pid::40A3E","pkey::12345","dsn::12345678901234","usrver::V5.02"]}
[2015-05-06 17:32:51 269]Worker#15974 Client[1925@1]: received: {"sn":99,"cmd":"login","mac":"ACCF232C827A","pv":"1.0.7","hfver":"1.3","data":["vid::3","pid::40A3E","pkey::12345","dsn::12345678901234","usrver::V5.02"]}
[2015-05-06 17:33:13 111]Worker#15974 Client[1925@1]: received: {"sn":108,"cmd":"login","mac":"ACCF232C827A","pv":"1.0.7","hfver":"1.3","data":["vid::3","pid::40A3E","pkey::12345","dsn::12345678901234","usrver::V5.02"]}
[2015-05-06 17:33:18 709]Worker#15974 Client[1925@1]: received: {"sn":117,"cmd":"login","mac":"ACCF232C827A","pv":"1.0.7","hfver":"1.3","data":["vid::3","pid::40A3E","pkey::12345","dsn::12345678901234","usrver::V5.02"]}
[2015-05-06 17:33:21 962]Worker#15974 Client[1925@1]: received: {"sn":126,"cmd":"login","mac":"ACCF232C827A","pv":"1.0.7","hfver":"1.3","data":["vid::3","pid::40A3E","pkey::12345","dsn::12345678901234","usrver::V5.02"]}
[2015-05-06 17:37:00 933]Worker#15974 Client[1925@1]: received: {"sn":142,"cmd":"login","mac":"ACCF232C827A","pv":"1.0.7","hfver":"1.3","data":["vid::3","pid::40A3E","pkey::12345","dsn::12345678901234","usrver::V5.02"]}
[2015-05-06 17:37:04 603]Worker#15974 Client[1925@1]: received: {"sn":151,"cmd":"login","mac":"ACCF232C827A","pv":"1.0.7","hfver":"1.3","data":["vid::3","pid::40A3E","pkey::12345","dsn::12345678901234","usrver::V5.02"]}
[2015-05-06 17:38:21 184]Worker#15974 Client[1925@1]: received: {"sn":161,"cmd":"login","mac":"ACCF232C827A","pv":"1.0.7","hfver":"1.3","data":["vid::3","pid::40A3E","pkey::12345","dsn::12345678901234","usrver::V5.02"]}
[2015-05-06 17:38:37 849]Worker#15974 Client[1925@1]: received: {"sn":170,"cmd":"login","mac":"ACCF232C827A","pv":"1.0.7","hfver":"1.3","data":["vid::3","pid::40A3E","pkey::12345","dsn::12345678901234","usrver::V5.02"]}
[2015-05-06 17:38:41 412]Worker#15974 Client[1925@1]: received: {"sn":179,"cmd":"login","mac":"ACCF232C827A","pv":"1.0.7","hfver":"1.3","data":["vid::3","pid::40A3E","pkey::12345","dsn::12345678901234","usrver::V5.02"]}
[2015-05-06 17:39:05 729]Worker#15974 Client[1925@1]: received: {"sn":188,"cmd":"login","mac":"ACCF232C827A","pv":"1.0.7","hfver":"1.3","data":["vid::3","pid::40A3E","pkey::12345","dsn::12345678901234","usrver::V5.02"]}
[2015-05-06 17:39:09 964]Worker#15974 Client[1925@1]: received: {"sn":197,"cmd":"login","mac":"ACCF232C827A","pv":"1.0.7","hfver":"1.3","data":["vid::3","pid::40A3E","pkey::12345","dsn::12345678901234","usrver::V5.02"]}
[2015-05-06 17:39:14 378]Worker#15974 Client[1925@1]: received: {"sn":206,"cmd":"login","mac":"ACCF232C827A","pv":"1.0.7","hfver":"1.3","data":["vid::3","pid::40A3E","pkey::12345","dsn::12345678901234","usrver::V5.02"]}
[2015-05-06 17:40:52 930]Worker#15974 Client[1925@1]: received: {"sn":216,"cmd":"login","mac":"ACCF232C827A","pv":"1.0.7","hfver":"1.3","data":["vid::3","pid::40A3E","pkey::12345","dsn::12345678901234","usrver::V5.02"]}
[2015-05-06 17:41:01 917]Worker#15974 Client[1925@1]: received: {"sn":225,"cmd":"login","mac":"ACCF232C827A","pv":"1.0.7","hfver":"1.3","data":["vid::3","pid::40A3E","pkey::12345","dsn::12345678901234","usrver::V5.02"]}
[2015-05-06 17:41:11 40]Worker#15974 Client[1925@1]: received: {"sn":234,"cmd":"login","mac":"ACCF232C827A","pv":"1.0.7","hfver":"1.3","data":["vid::3","pid::40A3E","pkey::12345","dsn::12345678901234","usrver::V5.02"]}
[2015-05-06 17:41:15 799]Worker#15974 Client[1925@1]: received: {"sn":243,"cmd":"login","mac":"ACCF232C827A","pv":"1.0.7","hfver":"1.3","data":["vid::3","pid::40A3E","pkey::12345","dsn::12345678901234","usrver::V5.02"]}
[2015-05-06 17:42:31 212]Worker#15974 Client[1925@1]: received: {"sn":253,"cmd":"login","mac":"ACCF232C827A","pv":"1.0.7","hfver":"1.3","data":["vid::3","pid::40A3E","pkey::12345","dsn::12345678901234","usrver::V5.02"]}
[2015-05-06 17:42:35 144]Worker#15974 Client[1925@1]: received: {"sn":262,"cmd":"login","mac":"ACCF232C827A","pv":"1.0.7","hfver":"1.3","data":["vid::3","pid::40A3E","pkey::12345","dsn::12345678901234","usrver::V5.02"]}
[2015-05-06 17:42:43 454]Worker#15974 Client[1925@1]: received: {"sn":271,"cmd":"login","mac":"ACCF232C827A","pv":"1.0.7","hfver":"1.3","data":["vid::3","pid::40A3E","pkey::12345","dsn::12345678901234","usrver::V5.02"]}
[2015-05-06 17:42:46 824]Worker#15974 Client[1925@1]: received: {"sn":280,"cmd":"login","mac":"ACCF232C827A","pv":"1.0.7","hfver":"1.3","data":["vid::3","pid::40A3E","pkey::12345","dsn::12345678901234","usrver::V5.02"]}
[2015-05-06 17:42:51 742]Worker#15974 Client[1925@1]: received: {"sn":289,"cmd":"login","mac":"ACCF232C827A","pv":"1.0.7","hfver":"1.3","data":["vid::3","pid::40A3E","pkey::12345","dsn::12345678901234","usrver::V5.02"]}
[2015-05-06 17:43:51 340]Worker#15974 Client[1925@1]: received: {"sn":298,"cmd":"login","mac":"ACCF232C827A","pv":"1.0.7","hfver":"1.3","data":["vid::3","pid::40A3E","pkey::12345","dsn::12345678901234","usrver::V5.02"]}
[2015-05-06 17:47:56 557]Worker#15974 Client[1925@1]: received: {"sn":316,"cmd":"login","mac":"ACCF232C827A","pv":"1.0.7","hfver":"1.3","data":["vid::3","pid::40A3E","pkey::12345","dsn::12345678901234","usrver::V5.02"]}
[2015-05-06 17:48:09 595]Worker#15974 Client[1925@1]: received: {"sn":325,"cmd":"login","mac":"ACCF232C827A","pv":"1.0.7","hfver":"1.3","data":["vid::3","pid::40A3E","pkey::12345","dsn::12345678901234","usrver::V5.02"]}
[2015-05-06 17:48:14 195]Worker#15974 Client[1925@1]: received: {"sn":334,"cmd":"login","mac":"ACCF232C827A","pv":"1.0.7","hfver":"1.3","data":["vid::3","pid::40A3E","pkey::12345","dsn::12345678901234","usrver::V5.02"]}
[2015-05-06 17:48:16 37]Worker#15974 Client[1925@1]: received: {"sn":343,"cmd":"login","mac":"ACCF232C827A","pv":"1.0.7","hfver":"1.3","data":["vid::3","pid::40A3E","pkey::12345","dsn::12345678901234","usrver::V5.02"]}
[2015-05-06 17:49:15 747]Worker#15974 Client[1925@1]: received: {"sn":352,"cmd":"login","mac":"ACCF232C827A","pv":"1.0.7","hfver":"1.3","data":["vid::3","pid::40A3E","pkey::12345","dsn::12345678901234","usrver::V5.02"]}
[2015-05-06 17:50:32 910]Worker#15974 Client[1937@1]: received: {"sn":0,"cmd":"login","mac":"ACCF232C827A","pv":"1.0.7","hfver":"1.3","data":["vid::3","pid::40A3E","pkey::12345","dsn::12345678901234","usrver::V5.02"]}
[2015-05-06 17:53:16 498]Worker#15974 Client[1937@1]: received: {"sn":4,"cmd":"login","mac":"ACCF232C827A","pv":"1.0.7","hfver":"1.3","data":["vid::3","pid::40A3E","pkey::12345","dsn::12345678901234","usrver::V5.02"]}
[2015-05-06 17:53:37 158]Worker#15974 Client[1937@1]: received: {"sn":13,"cmd":"login","mac":"ACCF232C827A","pv":"1.0.7","hfver":"1.3","data":["vid::3","pid::40A3E","pkey::12345","dsn::12345678901234","usrver::V5.02"]}
[2015-05-06 17:53:51 494]Worker#15974 Client[1939@1]: received: {"sn":9,"cmd":"login","mac":"ACCF232C827A","pv":"1.0.7","hfver":"1.3","data":["vid::3","pid::40A3E","pkey::12345","dsn::12345678901234","usrver::V5.02"]}
[2015-05-06 17:54:09 723]Worker#15974 Client[1939@1]: received: {"sn":11,"cmd":"login","mac":"ACCF232C827A","pv":"1.0.7","hfver":"1.3","data":["vid::3","pid::40A3E","pkey::12345","dsn::12345678901234","usrver::V5.02"]}
[2015-05-06 17:57:02 119]Worker#15974 Client[1939@1]: received: {"sn":28,"cmd":"login","mac":"ACCF232C827A","pv":"1.0.7","hfver":"1.3","data":["vid::3","pid::40A3E","pkey::12345","dsn::12345678901234","usrver::V5.02"]}
[2015-05-06 18:00:33 89]Worker#15974 Client[1939@1]: received: {"sn":40,"cmd":"login","mac":"ACCF232C827A","pv":"1.0.7","hfver":"1.3","data":["vid::3","pid::40A3E","pkey::12345","dsn::12345678901234","usrver::V5.02"]}
[2015-05-06 18:00:35 639]Worker#15974 Client[1939@1]: received: {"sn":49,"cmd":"login","mac":"ACCF232C827A","pv":"1.0.7","hfver":"1.3","data":["vid::3","pid::40A3E","pkey::12345","dsn::12345678901234","usrver::V5.02"]}
[2015-05-06 18:00:38 608]Worker#15974 Client[1939@1]: received: {"sn":58,"cmd":"login","mac":"ACCF232C827A","pv":"1.0.7","hfver":"1.3","data":["vid::3","pid::40A3E","pkey::12345","dsn::12345678901234","usrver::V5.02"]}
[2015-05-06 18:01:25 470]Worker#15974 Client[1939@1]: received: {"sn":67,"cmd":"login","mac":"ACCF232C827A","pv":"1.0.7","hfver":"1.3","data":["vid::3","pid::40A3E","pkey::12345","dsn::12345678901234","usrver::V5.02"]}
[2015-05-06 18:01:41 938]Worker#15974 Client[1939@1]: received: {"sn":80,"cmd":"login","mac":"ACCF232C827A","pv":"1.0.7","hfver":"1.3","data":["vid::3","pid::40A3E","pkey::12345","dsn::12345678901234","usrver::V5.02"]}
[2015-05-06 18:01:46 57]Worker#15974 Client[1939@1]: received: {"sn":89,"cmd":"login","mac":"ACCF232C827A","pv":"1.0.7","hfver":"1.3","data":["vid::3","pid::40A3E","pkey::12345","dsn::12345678901234","usrver::V5.02"]}
[2015-05-06 18:03:58 95]Worker#15974 Client[1939@1]: received: {"sn":100,"cmd":"login","mac":"ACCF232C827A","pv":"1.0.7","hfver":"1.3","data":["vid::3","pid::40A3E","pkey::12345","dsn::12345678901234","usrver::V5.02"]}
[2015-05-06 18:04:02 223]Worker#15974 Client[1939@1]: received: {"sn":109,"cmd":"login","mac":"ACCF232C827A","pv":"1.0.7","hfver":"1.3","data":["vid::3","pid::40A3E","pkey::12345","dsn::12345678901234","usrver::V5.02"]}
[2015-05-06 18:04:06 309]Worker#15974 Client[1939@1]: received: {"sn":118,"cmd":"login","mac":"ACCF232C827A","pv":"1.0.7","hfver":"1.3","data":["vid::3","pid::40A3E","pkey::12345","dsn::12345678901234","usrver::V5.02"]}
[2015-05-06 18:04:29 203]Worker#15974 Client[1939@1]: received: {"sn":127,"cmd":"login","mac":"ACCF232C827A","pv":"1.0.7","hfver":"1.3","data":["vid::3","pid::40A3E","pkey::12345","dsn::12345678901234","usrver::V5.02"]}
[2015-05-06 18:04:31 263]Worker#15974 Client[1939@1]: received: {"sn":136,"cmd":"login","mac":"ACCF232C827A","pv":"1.0.7","hfver":"1.3","data":["vid::3","pid::40A3E","pkey::12345","dsn::12345678901234","usrver::V5.02"]}{"sn":137,"cmd":"upload","mac":"ACCF232C827A","data":["power::on"]}
[2015-05-06 18:04:37 512]Worker#15974 Client[1939@1]: received: {"sn":145,"cmd":"login","mac":"ACCF232C827A","pv":"1.0.7","hfver":"1.3","data":["vid::3","pid::40A3E","pkey::12345","dsn::12345678901234","usrver::V5.02"]}
[2015-05-06 18:04:52 551]Worker#15974 Client[1941@1]: received: {"sn":9,"cmd":"login","mac":"ACCF232C827A","pv":"1.0.7","hfver":"1.3","data":["vid::3","pid::40A3E","pkey::12345","dsn::12345678901234","usrver::V5.02"]}
[2015-05-06 18:05:00 14]Worker#15974 Client[1941@1]: received: {"sn":13,"cmd":"login","mac":"ACCF232C827A","pv":"1.0.7","hfver":"1.3","data":["vid::3","pid::40A3E","pkey::12345","dsn::12345678901234","usrver::V5.02"]}
[2015-05-06 18:06:03 626]Worker#15974 Client[1941@1]: received: {"sn":23,"cmd":"login","mac":"ACCF232C827A","pv":"1.0.7","hfver":"1.3","data":["vid::3","pid::40A3E","pkey::12345","dsn::12345678901234","usrver::V5.02"]}
[2015-05-06 18:06:06 461]Worker#15974 Client[1941@1]: received: {"sn":32,"cmd":"login","mac":"ACCF232C827A","pv":"1.0.7","hfver":"1.3","data":["vid::3","pid::40A3E","pkey::12345","dsn::12345678901234","usrver::V5.02"]}{"sn":33,"cmd":"upload","mac":"ACCF232C827A","data":["power::of"]}
[2015-05-06 18:06:18 32]Worker#15974 Client[1941@1]: received: {"sn":50,"cmd":"login","mac":"ACCF232C827A","pv":"1.0.7","hfver":"1.3","data":["vid::3","pid::40A3E","pkey::12345","dsn::12345678901234","usrver::V5.02"]}
[2015-05-06 18:26:46 351]Worker#15974 Client[1941@1]: received: {"sn":83,"cmd":"login","mac":"ACCF232C827A","pv":"1.0.7","hfver":"1.3","data":["vid::3","pid::40A3E","pkey::12345","dsn::12345678901234","usrver::V5.02"]}
[2015-05-06 18:26:48 461]Worker#15974 Client[1941@1]: received: {"sn":92,"cmd":"login","mac":"ACCF232C827A","pv":"1.0.7","hfver":"1.3","data":["vid::3","pid::40A3E","pkey::12345","dsn::12345678901234","usrver::V5.02"]}
[2015-05-06 18:26:52 821]Worker#15974 Client[1941@1]: received: {"sn":101,"cmd":"login","mac":"ACCF232C827A","pv":"1.0.7","hfver":"1.3","data":["vid::3","pid::40A3E","pkey::12345","dsn::12345678901234","usrver::V5.02"]}
[2015-05-06 18:32:08 103]Worker#15974 Client[1941@1]: received: {"sn":119,"cmd":"login","mac":"ACCF232C827A","pv":"1.0.7","hfver":"1.3","data":["vid::3","pid::40A3E","pkey::12345","dsn::12345678901234","usrver::V5.02"]}
[2015-05-06 18:32:17 444]Worker#15974 Client[1941@1]: received: {"sn":128,"cmd":"login","mac":"ACCF232C827A","pv":"1.0.7","hfver":"1.3","data":["vid::3","pid::40A3E","pkey::12345","dsn::12345678901234","usrver::V5.02"]}
[2015-05-06 18:50:13 347]Worker#15974 Client[1941@1]: received: {"sn":157,"cmd":"login","mac":"ACCF232C827A","pv":"1.0.7","hfver":"1.3","data":["vid::3","pid::40A3E","pkey::12345","dsn::12345678901234","usrver::V5.02"]}
[2015-05-06 18:55:37 780]Worker#15974 Client[1941@1]: received: {"sn":173,"cmd":"login","mac":"ACCF232C827A","pv":"1.0.7","hfver":"1.3","data":["vid::3","pid::40A3E","pkey::12345","dsn::12345678901234","usrver::V5.02"]}
[2015-05-06 19:06:58 1]Worker#15974 Client[1963@1]: received: {"sn":193,"cmd":"login","mac":"ACCF232C827A","pv":"1.0.7","hfver":"1.3","data":["vid::3","pid::40A3E","pkey::12345","dsn::12345678901234","usrver::V5.02"]}
[2015-05-06 20:31:08 652]Worker#15974 Client[1963@1]: received: {"sn":288,"cmd":"login","mac":"ACCF232C827A","pv":"1.0.7","hfver":"1.3","data":["vid::3","pid::40A3E","pkey::12345","dsn::12345678901234","usrver::V5.02"]}
[2015-05-06 20:33:28 707]Worker#15974 Client[1963@1]: received: {"sn":299,"cmd":"login","mac":"ACCF232C827A","pv":"1.0.7","hfver":"1.3","data":["vid::3","pid::40A3E","pkey::12345","dsn::12345678901234","usrver::V5.02"]}
[2015-05-06 20:33:57 584]Worker#15974 Client[1963@1]: received: {"sn":308,"cmd":"login","mac":"ACCF232C827A","pv":"1.0.7","hfver":"1.3","data":["vid::3","pid::40A3E","pkey::12345","dsn::12345678901234","usrver::V5.02"]}
[2015-05-06 20:37:53 904]Worker#15974 Client[1963@1]: received: {"sn":320,"cmd":"login","mac":"ACCF232C827A","pv":"1.0.7","hfver":"1.3","data":["vid::3","pid::40A3E","pkey::12345","dsn::12345678901234","usrver::V5.02"]}
[2015-05-06 20:40:53 824]Worker#15974 Client[1963@1]: received: {"sn":334,"cmd":"login","mac":"ACCF232C827A","pv":"1.0.7","hfver":"1.3","data":["vid::3","pid::40A3E","pkey::12345","dsn::12345678901234","usrver::V5.02"]}
[2015-05-06 20:46:18 855]Worker#15974 Client[1963@1]: received: {"sn":350,"cmd":"login","mac":"ACCF232C827A","pv":"1.0.7","hfver":"1.3","data":["vid::3","pid::40A3E","pkey::12345","dsn::12345678901234","usrver::V5.02"]}
[2015-05-06 20:46:51 448]Worker#15974 Client[1963@1]: received: {"sn":359,"cmd":"login","mac":"ACCF232C827A","pv":"1.0.7","hfver":"1.3","data":["vid::3","pid::40A3E","pkey::12345","dsn::12345678901234","usrver::V5.02"]}
[2015-05-06 20:47:00 293]Worker#15974 Client[1963@1]: received: {"sn":368,"cmd":"login","mac":"ACCF232C827A","pv":"1.0.7","hfver":"1.3","data":["vid::3","pid::40A3E","pkey::12345","dsn::12345678901234","usrver::V5.02"]}
[2015-05-06 20:48:49 752]Worker#15974 Client[1963@1]: received: {"sn":378,"cmd":"login","mac":"ACCF232C827A","pv":"1.0.7","hfver":"1.3","data":["vid::3","pid::40A3E","pkey::12345","dsn::12345678901234","usrver::V5.02"]}
[2015-05-06 20:48:55 844]Worker#15974 Client[1963@1]: received: {"sn":387,"cmd":"login","mac":"ACCF232C827A","pv":"1.0.7","hfver":"1.3","data":["vid::3","pid::40A3E","pkey::12345","dsn::12345678901234","usrver::V5.02"]}
[2015-05-06 20:51:43 243]Worker#15974 Client[1963@1]: received: {"sn":398,"cmd":"login","mac":"ACCF232C827A","pv":"1.0.7","hfver":"1.3","data":["vid::3","pid::40A3E","pkey::12345","dsn::12345678901234","usrver::V5.02"]}
[2015-05-06 20:54:16 262]Worker#15974 Client[1963@1]: received: {"sn":409,"cmd":"login","mac":"ACCF232C827A","pv":"1.0.7","hfver":"1.3","data":["vid::3","pid::40A3E","pkey::12345","dsn::12345678901234","usrver::V5.02"]}
[2015-05-06 20:57:07 662]Worker#15974 Client[1963@1]: received: {"sn":420,"cmd":"login","mac":"ACCF232C827A","pv":"1.0.7","hfver":"1.3","data":["vid::3","pid::40A3E","pkey::12345","dsn::12345678901234","usrver::V5.02"]}
[2015-05-06 20:59:40 351]Worker#15974 Client[1963@1]: received: {"sn":431,"cmd":"login","mac":"ACCF232C827A","pv":"1.0.7","hfver":"1.3","data":["vid::3","pid::40A3E","pkey::12345","dsn::12345678901234","usrver::V5.02"]}
[2015-05-06 21:02:32 116]Worker#15974 Client[1963@1]: received: {"sn":442,"cmd":"login","mac":"ACCF232C827A","pv":"1.0.7","hfver":"1.3","data":["vid::3","pid::40A3E","pkey::12345","dsn::12345678901234","usrver::V5.02"]}
[2015-05-06 21:05:04 862]Worker#15974 Client[1963@1]: received: {"sn":453,"cmd":"login","mac":"ACCF232C827A","pv":"1.0.7","hfver":"1.3","data":["vid::3","pid::40A3E","pkey::12345","dsn::12345678901234","usrver::V5.02"]}
[2015-05-06 21:07:56 577]Worker#15974 Client[1963@1]: received: {"sn":464,"cmd":"login","mac":"ACCF232C827A","pv":"1.0.7","hfver":"1.3","data":["vid::3","pid::40A3E","pkey::12345","dsn::12345678901234","usrver::V5.02"]}
[2015-05-06 21:10:28 891]Worker#15974 Client[1963@1]: received: {"sn":475,"cmd":"login","mac":"ACCF232C827A","pv":"1.0.7","hfver":"1.3","data":["vid::3","pid::40A3E","pkey::12345","dsn::12345678901234","usrver::V5.02"]}
[2015-05-06 21:13:25 925]Worker#15974 Client[1963@1]: received: {"sn":486,"cmd":"login","mac":"ACCF232C827A","pv":"1.0.7","hfver":"1.3","data":["vid::3","pid::40A3E","pkey::12345","dsn::12345678901234","usrver::V5.02"]}
[2015-05-06 21:13:29 132]Worker#15974 Client[1963@1]: received: {"sn":495,"cmd":"login","mac":"ACCF232C827A","pv":"1.0.7","hfver":"1.3","data":["vid::3","pid::40A3E","pkey::12345","dsn::12345678901234","usrver::V5.02"]}
[2015-05-07 9:04:40 257]Worker#25275 Client[2025@1]: received: {"sn":44,"cmd":"login","mac":"ACCF232C827A","pv":"1.0.7","hfver":"1.3","data":["vid::3","pid::40A3E","pkey::12345","dsn::12345678901234","usrver::V5.02"]}
[2015-05-07 9:19:46 291]Worker#25275 Client[2025@1]: received: {"sn":65,"cmd":"login","mac":"ACCF232C827A","pv":"1.0.7","hfver":"1.3","data":["vid::3","pid::40A3E","pkey::12345","dsn::12345678901234","usrver::V5.02"]}
[2015-05-07 9:25:11 676]Worker#25275 Client[2025@1]: received: {"sn":79,"cmd":"login","mac":"ACCF232C827A","pv":"1.0.7","hfver":"1.3","data":["vid::3","pid::40A3E","pkey::12345","dsn::12345678901234","usrver::V5.02"]}
[2015-05-07 9:38:37 150]Worker#25275 Client[2025@1]: received: {"sn":108,"cmd":"login","mac":"ACCF232C827A","pv":"1.0.7","hfver":"1.3","data":["vid::3","pid::40A3E","pkey::12345","dsn::12345678901234","usrver::V5.02"]}
[2015-05-07 9:43:30 91]Worker#25275 Client[2025@1]: received: {"sn":128,"cmd":"login","mac":"ACCF232C827A","pv":"1.0.7","hfver":"1.3","data":["vid::3","pid::40A3E","pkey::12345","dsn::12345678901234","usrver::V5.02"]}
[2015-05-07 9:49:46 75]Worker#25275 Client[2025@1]: received: {"sn":143,"cmd":"login","mac":"ACCF232C827A","pv":"1.0.7","hfver":"1.3","data":["vid::3","pid::40A3E","pkey::12345","dsn::12345678901234","usrver::V5.02"]}
[2015-05-07 9:55:08 455]Worker#25275 Client[2025@1]: received: {"sn":159,"cmd":"login","mac":"ACCF232C827A","pv":"1.0.7","hfver":"1.3","data":["vid::3","pid::40A3E","pkey::12345","dsn::12345678901234","usrver::V5.02"]}
[2015-05-07 9:58:54 673]Worker#25275 Client[2025@1]: received: {"sn":171,"cmd":"login","mac":"ACCF232C827A","pv":"1.0.7","hfver":"1.3","data":["vid::3","pid::40A3E","pkey::12345","dsn::12345678901234","usrver::V5.02"]}
[2015-05-07 10:00:32 910]Worker#25275 Client[2025@1]: received: {"sn":181,"cmd":"login","mac":"ACCF232C827A","pv":"1.0.7","hfver":"1.3","data":["vid::3","pid::40A3E","pkey::12345","dsn::12345678901234","usrver::V5.02"]}
[2015-05-07 10:04:19 358]Worker#25275 Client[2025@1]: received: {"sn":195,"cmd":"login","mac":"ACCF232C827A","pv":"1.0.7","hfver":"1.3","data":["vid::3","pid::40A3E","pkey::12345","dsn::12345678901234","usrver::V5.02"]}
[2015-05-07 10:05:50 680]Worker#25275 Client[2025@1]: received: {"sn":205,"cmd":"login","mac":"ACCF232C827A","pv":"1.0.7","hfver":"1.3","data":["vid::3","pid::40A3E","pkey::12345","dsn::12345678901234","usrver::V5.02"]}
[2015-05-07 10:09:43 412]Worker#25275 Client[2025@1]: received: {"sn":219,"cmd":"login","mac":"ACCF232C827A","pv":"1.0.7","hfver":"1.3","data":["vid::3","pid::40A3E","pkey::12345","dsn::12345678901234","usrver::V5.02"]}
[2015-05-07 10:11:16 785]Worker#25275 Client[2025@1]: received: {"sn":229,"cmd":"login","mac":"ACCF232C827A","pv":"1.0.7","hfver":"1.3","data":["vid::3","pid::40A3E","pkey::12345","dsn::12345678901234","usrver::V5.02"]}
[2015-05-07 10:12:10 48]Worker#25275 Client[2025@1]: received: {"sn":238,"cmd":"login","mac":"ACCF232C827A","pv":"1.0.7","hfver":"1.3","data":["vid::3","pid::40A3E","pkey::12345","dsn::12345678901234","usrver::V5.02"]}
[2015-05-07 10:12:49 682]Worker#25275 Client[2025@1]: received: {"sn":247,"cmd":"login","mac":"ACCF232C827A","pv":"1.0.7","hfver":"1.3","data":["vid::3","pid::40A3E","pkey::12345","dsn::12345678901234","usrver::V5.02"]}
[2015-05-07 10:13:46 447]Worker#25275 Client[2025@1]: received: {"sn":256,"cmd":"login","mac":"ACCF232C827A","pv":"1.0.7","hfver":"1.3","data":["vid::3","pid::40A3E","pkey::12345","dsn::12345678901234","usrver::V5.02"]}
[2015-05-07 10:15:07 786]Worker#25275 Client[2025@1]: received: {"sn":266,"cmd":"login","mac":"ACCF232C827A","pv":"1.0.7","hfver":"1.3","data":["vid::3","pid::40A3E","pkey::12345","dsn::12345678901234","usrver::V5.02"]}
[2015-05-07 10:16:21 169]Worker#25275 Client[2025@1]: received: {"sn":276,"cmd":"login","mac":"ACCF232C827A","pv":"1.0.7","hfver":"1.3","data":["vid::3","pid::40A3E","pkey::12345","dsn::12345678901234","usrver::V5.02"]}
[2015-05-07 10:18:28 762]Worker#25275 Client[2025@1]: received: {"sn":287,"cmd":"login","mac":"ACCF232C827A","pv":"1.0.7","hfver":"1.3","data":["vid::3","pid::40A3E","pkey::12345","dsn::12345678901234","usrver::V5.02"]}
[2015-05-07 10:18:54 217]Worker#25275 Client[2025@1]: received: {"sn":296,"cmd":"login","mac":"ACCF232C827A","pv":"1.0.7","hfver":"1.3","data":["vid::3","pid::40A3E","pkey::12345","dsn::12345678901234","usrver::V5.02"]}
[2015-05-07 10:20:32 567]Worker#25275 Client[2025@1]: received: {"sn":306,"cmd":"login","mac":"ACCF232C827A","pv":"1.0.7","hfver":"1.3","data":["vid::3","pid::40A3E","pkey::12345","dsn::12345678901234","usrver::V5.02"]}
[2015-05-07 10:23:30 709]Worker#25275 Client[2025@1]: received: {"sn":317,"cmd":"login","mac":"ACCF232C827A","pv":"1.0.7","hfver":"1.3","data":["vid::3","pid::40A3E","pkey::12345","dsn::12345678901234","usrver::V5.02"]}
[2015-05-07 10:26:24 166]Worker#25275 Client[2025@1]: received: {"sn":329,"cmd":"login","mac":"ACCF232C827A","pv":"1.0.7","hfver":"1.3","data":["vid::3","pid::40A3E","pkey::12345","dsn::12345678901234","usrver::V5.02"]}
[2015-05-07 10:26:50 266]Worker#25275 Client[2025@1]: received: {"sn":338,"cmd":"login","mac":"ACCF232C827A","pv":"1.0.7","hfver":"1.3","data":["vid::3","pid::40A3E","pkey::12345","dsn::12345678901234","usrver::V5.02"]}
[2015-05-07 10:28:05 890]Worker#25275 Client[2025@1]: received: {"sn":348,"cmd":"login","mac":"ACCF232C827A","pv":"1.0.7","hfver":"1.3","data":["vid::3","pid::40A3E","pkey::12345","dsn::12345678901234","usrver::V5.02"]}
[2015-05-07 10:29:08 104]Worker#25275 Client[2025@1]: received: {"sn":358,"cmd":"login","mac":"ACCF232C827A","pv":"1.0.7","hfver":"1.3","data":["vid::3","pid::40A3E","pkey::12345","dsn::12345678901234","usrver::V5.02"]}
[2015-05-07 10:29:25 224]Worker#25275 Client[2025@1]: received: {"sn":367,"cmd":"login","mac":"ACCF232C827A","pv":"1.0.7","hfver":"1.3","data":["vid::3","pid::40A3E","pkey::12345","dsn::12345678901234","usrver::V5.02"]}
[2015-05-07 10:29:29 561]Worker#25275 Client[2025@1]: received: {"sn":376,"cmd":"login","mac":"ACCF232C827A","pv":"1.0.7","hfver":"1.3","data":["vid::3","pid::40A3E","pkey::12345","dsn::12345678901234","usrver::V5.02"]}
[2015-05-07 10:30:32 510]Worker#25275 Client[2025@1]: received: {"sn":386,"cmd":"login","mac":"ACCF232C827A","pv":"1.0.7","hfver":"1.3","data":["vid::3","pid::40A3E","pkey::12345","dsn::12345678901234","usrver::V5.02"]}
[2015-05-07 10:34:35 120]Worker#25275 Client[2025@1]: received: {"sn":399,"cmd":"login","mac":"ACCF232C827A","pv":"1.0.7","hfver":"1.3","data":["vid::3","pid::40A3E","pkey::12345","dsn::12345678901234","usrver::V5.02"]}
[2015-05-07 10:37:27 230]Worker#25275 Client[2025@1]: received: {"sn":410,"cmd":"login","mac":"ACCF232C827A","pv":"1.0.7","hfver":"1.3","data":["vid::3","pid::40A3E","pkey::12345","dsn::12345678901234","usrver::V5.02"]}
[2015-05-07 10:38:48 854]Worker#25275 Client[2025@1]: received: {"sn":420,"cmd":"login","mac":"ACCF232C827A","pv":"1.0.7","hfver":"1.3","data":["vid::3","pid::40A3E","pkey::12345","dsn::12345678901234","usrver::V5.02"]}
[2015-05-07 10:39:20 396]Worker#25275 Client[2025@1]: received: {"sn":429,"cmd":"login","mac":"ACCF232C827A","pv":"1.0.7","hfver":"1.3","data":["vid::3","pid::40A3E","pkey::12345","dsn::12345678901234","usrver::V5.02"]}
[2015-05-07 10:39:23 396]Worker#25275 Client[2025@1]: received: {"sn":438,"cmd":"login","mac":"ACCF232C827A","pv":"1.0.7","hfver":"1.3","data":["vid::3","pid::40A3E","pkey::12345","dsn::12345678901234","usrver::V5.02"]}
[2015-05-07 10:43:57 897]Worker#25275 Client[2025@1]: received: {"sn":457,"cmd":"login","mac":"ACCF232C827A","pv":"1.0.7","hfver":"1.3","data":["vid::3","pid::40A3E","pkey::12345","dsn::12345678901234","usrver::V5.02"]}
[2015-05-07 10:44:32 891]Worker#25275 Client[2025@1]: received: {"sn":470,"cmd":"login","mac":"ACCF232C827A","pv":"1.0.7","hfver":"1.3","data":["vid::3","pid::40A3E","pkey::12345","dsn::12345678901234","usrver::V5.02"]}
[2015-05-07 10:47:04 197]Worker#25275 Client[2192@1]: received: {"sn":9,"cmd":"login","mac":"ACCF232C827A","pv":"1.0.7","hfver":"1.3","data":["vid::3","pid::40A3E","pkey::12345","dsn::12345678901234","usrver::V5.02"]}
[2015-05-07 10:50:42 158]Worker#25275 Client[2215@0]: received: {"sn":0,"cmd":"login","mac":"ACCF232C827A","pv":"1.0.7","hfver":"1.3","data":["vid::3","pid::40A3E","pkey::12345","dsn::12345678901234","usrver::V5.02"]}
[2015-05-07 10:53:48 353]Worker#25275 Client[2230@1]: received: {"sn":0,"cmd":"login","mac":"ACCF232C827A","pv":"1.0.7","hfver":"1.3","data":["vid::3","pid::40A3E","pkey::12345","dsn::12345678901234","usrver::V5.02"]}
[2015-05-07 10:54:01 381]Worker#25275 Client[2236@1]: received: {"sn":0,"cmd":"login","mac":"ACCF232C827A","pv":"1.0.7","hfver":"1.3","data":["vid::3","pid::40A3E","pkey::12345","dsn::12345678901234","usrver::V5.02"]}
[2015-05-07 10:54:17 665]Worker#25275 Client[2240@0]: received: {"sn":0,"cmd":"login","mac":"ACCF232C827A","pv":"1.0.7","hfver":"1.3","data":["vid::3","pid::40A3E","pkey::12345","dsn::12345678901234","usrver::V5.02"]}
[2015-05-07 10:54:25 524]Worker#25275 Client[2244@1]: received: {"sn":0,"cmd":"login","mac":"ACCF232C827A","pv":"1.0.7","hfver":"1.3","data":["vid::3","pid::40A3E","pkey::12345","dsn::12345678901234","usrver::V5.02"]}
[2015-05-07 10:54:56 492]Worker#25275 Client[2254@1]: received: {"sn":0,"cmd":"login","mac":"ACCF232C827A","pv":"1.0.7","hfver":"1.3","data":["vid::3","pid::40A3E","pkey::12345","dsn::12345678901234","usrver::V5.02"]}
[2015-05-07 10:55:08 495]Worker#25275 Client[2259@1]: received: {"sn":0,"cmd":"login","mac":"ACCF232C827A","pv":"1.0.7","hfver":"1.3","data":["vid::3","pid::40A3E","pkey::12345","dsn::12345678901234","usrver::V5.02"]}
[2015-05-07 10:55:26 49]Worker#25275 Client[2266@1]: received: {"sn":0,"cmd":"login","mac":"ACCF232C827A","pv":"1.0.7","hfver":"1.3","data":["vid::3","pid::40A3E","pkey::12345","dsn::12345678901234","usrver::V5.02"]}
[2015-05-07 10:59:01 191]Worker#25275 Client[2266@1]: received: {"sn":5,"cmd":"login","mac":"ACCF232C827A","pv":"1.0.7","hfver":"1.3","data":["vid::3","pid::40A3E","pkey::12345","dsn::12345678901234","usrver::V5.02"]}
[2015-05-07 10:59:39 660]Worker#25275 Client[2266@1]: received: {"sn":14,"cmd":"login","mac":"ACCF232C827A","pv":"1.0.7","hfver":"1.3","data":["vid::3","pid::40A3E","pkey::12345","dsn::12345678901234","usrver::V5.02"]}
[2015-05-07 11:32:52 800]Worker#25275 Client[2266@1]: received: {"sn":59,"cmd":"login","mac":"ACCF232C827A","pv":"1.0.7","hfver":"1.3","data":["vid::3","pid::40A3E","pkey::12345","dsn::12345678901234","usrver::V5.02"]}
[2015-05-07 11:32:53 998]Worker#25275 Client[2266@1]: received: {"sn":65,"cmd":"login","mac":"ACCF232C827A","pv":"1.0.7","hfver":"1.3","data":["vid::3","pid::40A3E","pkey::12345","dsn::12345678901234","usrver::V5.02"]}{"sn":66,"cmd":"upload","mac":"ACCF232C827A","data":["power::on"]}
